<?xml version="1.0" encoding="UTF-8"?>
<testsuite xmlns:xsi="http://www.w3.org/2001/XMLSchema-instance" xsi:noNamespaceSchemaLocation="https://maven.apache.org/surefire/maven-surefire-plugin/xsd/surefire-test-report-3.0.xsd" version="3.0" name="com.docviewer.DocumentViewerTagTest" time="0.31" tests="7" errors="0" skipped="0" failures="0">
  <properties>
[...]
</properties>
  <testcase name="testDocumentSizesArePositive" classname="com.docviewer.DocumentViewerTagTest" time="0.045"/>
  <testcase name="testStubDocumentsLoaded" classname="com.docviewer.DocumentViewerTagTest" time="0.022"/>
  <testcase name="testDocumentTypesAreValid" classname="com.docviewer.DocumentViewerTagTest" time="0.006"/>
  <testcase name="testDocumentCount" classname="com.docviewer.DocumentViewerTagTest" time="0.004"/>
  <testcase name="testDocumentIdIsUnique" classname="com.docviewer.DocumentViewerTagTest" time="0.004"/>
  <testcase name="testDocumentModelEquality" classname="com.docviewer.DocumentViewerTagTest" time="0.002"/>
  <testcase name="testAllDocumentsHaveRequiredFields" classname="com.docviewer.DocumentViewerTagTest" time="0.009"/>
</testsuite>